<?xml version="1.0" encoding="UTF-8"?>
<!-- Generated by org.testng.reporters.JUnitXMLReporter -->
<testsuite hostname="DESKTOP-QR4NIPM" ignored="0" name="Default test" tests="2" failures="0" timestamp="2021-02-15T20:35:01 EST" time="37.173" errors="0">
  <testcase name="verifyProductInfoMacBookTest" time="9.836" classname="com.qa.ecomm.tests.ProductInfoTest"/>
  <testcase name="verifyImacInfoTest" time="14.666" classname="com.qa.ecomm.tests.ProductInfoTest"/>
</testsuite> <!-- Default test -->
