<?xml version="1.0" encoding="UTF-8"?>
<!-- Generated by org.testng.reporters.JUnitXMLReporter -->
<testsuite hostname="DESKTOP-QR4NIPM" ignored="0" name="Account Test" tests="5" failures="0" timestamp="2021-02-16T18:38:28 EST" time="68.86" errors="0">
  <testcase name="verifyHomePageTest" time="2.753" classname="com.qa.ecomm.tests.AccountPageTest"/>
  <testcase name="verifyPageHeaderTest" time="5.348" classname="com.qa.ecomm.tests.AccountPageTest"/>
  <testcase name="verifyAccountSectionCountTest" time="2.236" classname="com.qa.ecomm.tests.AccountPageTest"/>
  <testcase name="verifyAccountSectionListTest" time="3.197" classname="com.qa.ecomm.tests.AccountPageTest"/>
  <testcase name="verifySearchAccountTest" time="4.628" classname="com.qa.ecomm.tests.AccountPageTest"/>
</testsuite> <!-- Account Test -->
