<?xml version="1.0" encoding="UTF-8"?>
<!-- Generated by org.testng.reporters.JUnitXMLReporter -->
<testsuite hostname="DESKTOP-QR4NIPM" ignored="0" name="Product Info Test" tests="2" failures="1" timestamp="2021-02-16T18:38:06 EST" time="47.061" errors="0">
  <testcase name="verifyProductInfoMacBookTest" time="4.211" classname="com.qa.ecomm.tests.ProductInfoTest">
    <failure type="java.lang.NullPointerException">
      <![CDATA[java.lang.NullPointerException
at com.qa.util.GenericFunction.doClick(GenericFunction.java:95)
at com.qa.ecomm.pages.AccountPage.doSearch(AccountPage.java:101)
at com.qa.ecomm.tests.ProductInfoTest.verifyProductInfoMacBookTest(ProductInfoTest.java:40)
at java.util.ArrayList.forEach(ArrayList.java:1259)
at java.util.concurrent.FutureTask.run(FutureTask.java:266)
at java.util.concurrent.ThreadPoolExecutor.runWorker(ThreadPoolExecutor.java:1149)
at java.util.concurrent.ThreadPoolExecutor$Worker.run(ThreadPoolExecutor.java:624)
at java.lang.Thread.run(Thread.java:748)
... Removed 18 stack frames]]>
    </failure>
  </testcase> <!-- verifyProductInfoMacBookTest -->
  <testcase name="verifyImacInfoTest" time="18.642" classname="com.qa.ecomm.tests.ProductInfoTest"/>
</testsuite> <!-- Product Info Test -->
