<?xml version="1.0" encoding="UTF-8"?>
<!-- Generated by org.testng.reporters.JUnitXMLReporter -->
<testsuite hostname="DESKTOP-QR4NIPM" ignored="0" name="Regression Functional Regression Test" tests="7" failures="0" timestamp="2021-02-16T18:38:43 EST" time="83.475" errors="0">
  <testcase name="verifyLoginPageTitleTest" time="1.444" classname="com.qa.ecomm.tests.LoginPageTest"/>
  <testcase name="verifyForgotPasswordLink" time="0.88" classname="com.qa.ecomm.tests.LoginPageTest"/>
  <testcase name="VerifyLoginWithValidCredentialsTest" time="3.168" classname="com.qa.ecomm.tests.LoginPageTest"/>
  <testcase name="invalidLogintest" time="2.5" classname="com.qa.ecomm.tests.LoginPageTest"/>
  <testcase name="invalidLogintest" time="2.243" classname="com.qa.ecomm.tests.LoginPageTest"/>
  <testcase name="invalidLogintest" time="1.868" classname="com.qa.ecomm.tests.LoginPageTest"/>
  <testcase name="invalidLogintest" time="1.589" classname="com.qa.ecomm.tests.LoginPageTest"/>
</testsuite> <!-- Regression Functional Regression Test -->
